<?xml version='1.0' encoding='utf-8'?>
<coverage generated="01-02-23" clover="6.5.0"><project timestamp="01-02-23"><metrics packages="1" elements="423" coveredelements="307" statements="423" coveredstatements="307" conditionals="0" coveredconditionals="0" files="14" loc="455" ncloc="423" classes="14" /><package name=""><metrics elements="423" coveredelements="307" statements="423" coveredstatements="307" conditionals="0" coveredconditionals="0" files="14" classes="14" loc="455" ncloc="423" /><class name="__init__.py" filename="tests/routers_tests/__init__.py"><metrics elements="0" coveredelements="0" statements="0" coveredstatements="0" conditionals="0" coveredconditionals="0" files="1" loc="0" ncloc="0" /></class><class name="app.py" filename="app/app.py"><metrics elements="8" coveredelements="7" statements="8" coveredstatements="7" conditionals="0" coveredconditionals="0" files="1" loc="8" ncloc="8" /></class><class name="auth.py" filename="app/auth.py"><metrics elements="58" coveredelements="21" statements="58" coveredstatements="21" conditionals="0" coveredconditionals="0" files="1" loc="69" ncloc="58" /></class><class name="author.py" filename="app/schemas/author.py"><metrics elements="11" coveredelements="11" statements="11" coveredstatements="11" conditionals="0" coveredconditionals="0" files="1" loc="10" ncloc="11" /></class><class name="book.py" filename="app/schemas/book.py"><metrics elements="12" coveredelements="12" statements="12" coveredstatements="12" conditionals="0" coveredconditionals="0" files="1" loc="12" ncloc="12" /></class><class name="const.py" filename="app/const.py"><metrics elements="9" coveredelements="9" statements="9" coveredstatements="9" conditionals="0" coveredconditionals="0" files="1" loc="9" ncloc="9" /></class><class name="crud_base.py" filename="app/models/crud_base.py"><metrics elements="23" coveredelements="12" statements="23" coveredstatements="12" conditionals="0" coveredconditionals="0" files="1" loc="23" ncloc="23" /></class><class name="db.py" filename="app/db.py"><metrics elements="14" coveredelements="14" statements="14" coveredstatements="14" conditionals="0" coveredconditionals="0" files="1" loc="19" ncloc="14" /></class><class name="shop.py" filename="app/schemas/shop.py"><metrics elements="20" coveredelements="20" statements="20" coveredstatements="20" conditionals="0" coveredconditionals="0" files="1" loc="19" ncloc="20" /></class><class name="stock.py" filename="app/models/stock.py"><metrics elements="11" coveredelements="11" statements="11" coveredstatements="11" conditionals="0" coveredconditionals="0" files="1" loc="11" ncloc="11" /></class><class name="test_auth.py" filename="tests/test_auth.py"><metrics elements="13" coveredelements="13" statements="13" coveredstatements="13" conditionals="0" coveredconditionals="0" files="1" loc="13" ncloc="13" /></class><class name="test_author.py" filename="tests/routers_tests/test_author.py"><metrics elements="15" coveredelements="15" statements="15" coveredstatements="15" conditionals="0" coveredconditionals="0" files="1" loc="15" ncloc="15" /></class><class name="token.py" filename="app/schemas/token.py"><metrics elements="8" coveredelements="8" statements="8" coveredstatements="8" conditionals="0" coveredconditionals="0" files="1" loc="8" ncloc="8" /></class><class name="user.py" filename="app/schemas/user.py"><metrics elements="14" coveredelements="14" statements="14" coveredstatements="14" conditionals="0" coveredconditionals="0" files="1" loc="14" ncloc="14" /></class></package></project></coverage>